Using pre-set license
Built from '2020.3/staging' branch; Version is '2020.3.19f1 (68f137dc9bbe) revision 6877495'; Using compiler version '192528614'; Build Type 'Release'
OS: 'Windows 10 Home; OS build 18363.1556; Version 1909; 64bit' Language: 'es' Physical Memory: 8090 MB
BatchMode: 1, IsHumanControllingUs: 0, StartBugReporterOnCrash: 0, Is64bit: 1, IsPro: 0

COMMAND LINE ARGUMENTS:
C:\Program Files\Unity\Hub\Editor\2020.3.19f1\Editor\Unity.exe
-adb2
-batchMode
-noUpm
-name
AssetImportWorker0
-projectPath
C:/Users/Rowen/Documents/GitHub/entregable1-rowen-lumanlan/Entregable 1
-logFile
Logs/AssetImportWorker0.log
-srvPort
53877
Successfully changed project path to: C:/Users/Rowen/Documents/GitHub/entregable1-rowen-lumanlan/Entregable 1
C:/Users/Rowen/Documents/GitHub/entregable1-rowen-lumanlan/Entregable 1
Using Asset Import Pipeline V2.
Refreshing native plugins compatible for Editor in 185.99 ms, found 2 plugins.
Preloading 0 native plugins for Editor in 0.00 ms.
Initialize engine version: 2020.3.19f1 (68f137dc9bbe)
[Subsystems] Discovering subsystems at path C:/Program Files/Unity/Hub/Editor/2020.3.19f1/Editor/Data/Resources/UnitySubsystems
[Subsystems] Discovering subsystems at path C:/Users/Rowen/Documents/GitHub/entregable1-rowen-lumanlan/Entregable 1/Assets
GfxDevice: creating device client; threaded=0
Direct3D:
    Version:  Direct3D 11.0 [level 11.0]
    Renderer: NVIDIA GeForce GTX 960M (ID=0x139b)
    Vendor:   
    VRAM:     2010 MB
    Driver:   27.21.14.6589
Initialize mono
Mono path[0] = 'C:/Program Files/Unity/Hub/Editor/2020.3.19f1/Editor/Data/Managed'
Mono path[1] = 'C:/Program Files/Unity/Hub/Editor/2020.3.19f1/Editor/Data/MonoBleedingEdge/lib/mono/unityjit'
Mono config path = 'C:/Program Files/Unity/Hub/Editor/2020.3.19f1/Editor/Data/MonoBleedingEdge/etc'
Using monoOptions --debugger-agent=transport=dt_socket,embedding=1,server=y,suspend=n,address=127.0.0.1:56848
Begin MonoManager ReloadAssembly
Registering precompiled unity dll's ...
Register platform support module: C:/Program Files/Unity/Hub/Editor/2020.3.19f1/Editor/Data/PlaybackEngines/WindowsStandaloneSupport/UnityEditor.WindowsStandalone.Extensions.dll
Registered in 0.003251 seconds.
Native extension for WindowsStandalone target not found
Refreshing native plugins compatible for Editor in 58.72 ms, found 2 plugins.
Preloading 0 native plugins for Editor in 0.00 ms.
Mono: successfully reloaded assembly
- Completed reload, in 11.949 seconds
Domain Reload Profiling:
	ReloadAssembly (11949ms)
		BeginReloadAssembly (85ms)
			ExecutionOrderSort (0ms)
			DisableScriptedObjects (0ms)
			BackupInstance (0ms)
			ReleaseScriptingObjects (0ms)
			CreateAndSetChildDomain (1ms)
		EndReloadAssembly (909ms)
			LoadAssemblies (80ms)
			RebuildTransferFunctionScriptingTraits (0ms)
			SetupTypeCache (204ms)
			ReleaseScriptCaches (0ms)
			RebuildScriptCaches (63ms)
			SetupLoadedEditorAssemblies (533ms)
				LogAssemblyErrors (0ms)
				InitializePlatformSupportModulesInManaged (6ms)
				SetLoadedEditorAssemblies (0ms)
				RefreshPlugins (59ms)
				BeforeProcessingInitializeOnLoad (22ms)
				ProcessInitializeOnLoadAttributes (398ms)
				ProcessInitializeOnLoadMethodAttributes (48ms)
				AfterProcessingInitializeOnLoad (0ms)
				EditorAssembliesLoaded (0ms)
			ExecutionOrderSort2 (0ms)
			AwakeInstancesAfterBackupRestoration (0ms)
Platform modules already initialized, skipping
Registering precompiled user dll's ...
Registered in 0.006482 seconds.
Begin MonoManager ReloadAssembly
Native extension for WindowsStandalone target not found
Refreshing native plugins compatible for Editor in 0.73 ms, found 2 plugins.
Preloading 0 native plugins for Editor in 0.00 ms.
Mono: successfully reloaded assembly
- Completed reload, in  1.531 seconds
Domain Reload Profiling:
	ReloadAssembly (1532ms)
		BeginReloadAssembly (227ms)
			ExecutionOrderSort (0ms)
			DisableScriptedObjects (7ms)
			BackupInstance (0ms)
			ReleaseScriptingObjects (0ms)
			CreateAndSetChildDomain (27ms)
		EndReloadAssembly (1212ms)
			LoadAssemblies (143ms)
			RebuildTransferFunctionScriptingTraits (0ms)
			SetupTypeCache (388ms)
			ReleaseScriptCaches (0ms)
			RebuildScriptCaches (56ms)
			SetupLoadedEditorAssemblies (496ms)
				LogAssemblyErrors (0ms)
				InitializePlatformSupportModulesInManaged (8ms)
				SetLoadedEditorAssemblies (1ms)
				RefreshPlugins (1ms)
				BeforeProcessingInitializeOnLoad (79ms)
				ProcessInitializeOnLoadAttributes (389ms)
				ProcessInitializeOnLoadMethodAttributes (7ms)
				AfterProcessingInitializeOnLoad (12ms)
				EditorAssembliesLoaded (0ms)
			ExecutionOrderSort2 (0ms)
			AwakeInstancesAfterBackupRestoration (8ms)
Platform modules already initialized, skipping
========================================================================
Worker process is ready to serve import requests
Launched and connected shader compiler UnityShaderCompiler.exe after 0.13 seconds
Refreshing native plugins compatible for Editor in 0.36 ms, found 2 plugins.
Preloading 0 native plugins for Editor in 0.00 ms.
Unloading 1397 Unused Serialized files (Serialized files now loaded: 0)
System memory in use before: 64.8 MB.
System memory in use after: 64.9 MB.

Unloading 16 unused Assets to reduce memory usage. Loaded Objects now: 1832.
Total: 4.382400 ms (FindLiveObjects: 0.388100 ms CreateObjectMapping: 0.150300 ms MarkObjects: 3.715900 ms  DeleteObjects: 0.126200 ms)

AssetImportParameters requested are different than current active one (requested -> active):
  custom:framework-win-MediaFoundation: 216162199b28c13a410421893ffa2e32 -> 
  custom:video-decoder-ogg-theora: a1e56fd34408186e4bbccfd4996cb3dc -> 
  custom:container-muxer-webm: aa71ff27fc2769a1b78a27578f13a17b -> 
  custom:container-demuxer-webm: 4f35f7cbe854078d1ac9338744f61a02 -> 
  custom:container-demuxer-ogg: 62fdf1f143b41e24485cea50d1cbac27 -> 
  custom:video-encoder-webm-vp8: eb34c28f22e8b96e1ab97ce403110664 -> 
  custom:video-codec-MediaFoundation-h265: 746d11721c4dcdbdad8f713fa42b33f4 -> 
  custom:video-decoder-webm-vp8: 9c59270c3fd7afecdb556c50c9e8de78 -> 
  custom:audio-decoder-ogg-vorbis: bf7c407c2cedff20999df2af8eb42d56 -> 
  custom:audio-encoder-webm-vorbis: bf7c407c2cedff20999df2af8eb42d56 -> 
========================================================================
Received Import Request.
  path: Assets/Scenes/Entregable 1.unity
  artifactKey: Guid(9fc0d4010bbf28b4594072e72b8655ab) Importer(815301076,1909f56bfc062723c751e8b465ee728b)
Start importing Assets/Scenes/Entregable 1.unity using Guid(9fc0d4010bbf28b4594072e72b8655ab) Importer(815301076,1909f56bfc062723c751e8b465ee728b)  -> (artifact id: '5aafe965f4d9ae332714290b26495465') in 0.027998 seconds 
  Import took 0.054872 seconds .

========================================================================
Received Import Request.
  Time since last request: 1824.723614 seconds.
  path: Assets
  artifactKey: Guid(00000000000000001000000000000000) Importer(815301076,1909f56bfc062723c751e8b465ee728b)
Start importing Assets using Guid(00000000000000001000000000000000) Importer(815301076,1909f56bfc062723c751e8b465ee728b)  -> (artifact id: '42d402b061de3733987d63b9cc3b64de') in 0.035804 seconds 
  Import took 0.103612 seconds .

========================================================================
Received Import Request.
  Time since last request: 4.017884 seconds.
  path: Assets/Prefabs
  artifactKey: Guid(0295320f473331645a3122d6d81b1133) Importer(815301076,1909f56bfc062723c751e8b465ee728b)
Start importing Assets/Prefabs using Guid(0295320f473331645a3122d6d81b1133) Importer(815301076,1909f56bfc062723c751e8b465ee728b)  -> (artifact id: '6c0d3e81613bedb37db0b568bcb6606c') in 0.030707 seconds 
  Import took 0.060929 seconds .

========================================================================
Received Import Request.
  Time since last request: 9.370578 seconds.
  path: Assets/Texturas
  artifactKey: Guid(ee1ac8bd32685a44cab4e95d6333c34f) Importer(815301076,1909f56bfc062723c751e8b465ee728b)
Start importing Assets/Texturas using Guid(ee1ac8bd32685a44cab4e95d6333c34f) Importer(815301076,1909f56bfc062723c751e8b465ee728b)  -> (artifact id: '8a902b0ccc163533ace55fa3a04e67f3') in 0.016658 seconds 
  Import took 0.020778 seconds .

========================================================================
Received Import Request.
  Time since last request: 6.142815 seconds.
  path: Assets/MAteriales
  artifactKey: Guid(1edc56dddcdfcf6498a6e8480c1e496f) Importer(815301076,1909f56bfc062723c751e8b465ee728b)
Start importing Assets/MAteriales using Guid(1edc56dddcdfcf6498a6e8480c1e496f) Importer(815301076,1909f56bfc062723c751e8b465ee728b)  -> (artifact id: '9c6240afb4e59127bf0a9e7ab1585dfc') in 0.016435 seconds 
  Import took 0.021142 seconds .

========================================================================
Received Import Request.
  Time since last request: 8.287221 seconds.
  path: Assets/Materiales
  artifactKey: Guid(1edc56dddcdfcf6498a6e8480c1e496f) Importer(815301076,1909f56bfc062723c751e8b465ee728b)
Start importing Assets/Materiales using Guid(1edc56dddcdfcf6498a6e8480c1e496f) Importer(815301076,1909f56bfc062723c751e8b465ee728b)  -> (artifact id: '208393d87b52a7a151d92c790ba9461c') in 0.017456 seconds 
  Import took 0.049359 seconds .

========================================================================
Received Import Request.
  Time since last request: 66.765167 seconds.
  path: Assets/Materiales/Cuerpo.mat
  artifactKey: Guid(26061ee3aa8ecc4449017b27cc32736e) Importer(815301076,1909f56bfc062723c751e8b465ee728b)
Start importing Assets/Materiales/Cuerpo.mat using Guid(26061ee3aa8ecc4449017b27cc32736e) Importer(815301076,1909f56bfc062723c751e8b465ee728b)  -> (artifact id: 'f4be5b18d80e23319258136847195fd0') in 19.654161 seconds 
  Import took 19.871690 seconds .

========================================================================
Received Import Request.
  Time since last request: 44.817760 seconds.
  path: Assets/Texturas/fondo-militar_1053-166.jpg
  artifactKey: Guid(9df4dc90bbf61964484e622a50a8396a) Importer(815301076,1909f56bfc062723c751e8b465ee728b)
Start importing Assets/Texturas/fondo-militar_1053-166.jpg using Guid(9df4dc90bbf61964484e622a50a8396a) Importer(815301076,1909f56bfc062723c751e8b465ee728b)  -> (artifact id: '4f6b8403480b107b6e1212162c732c5e') in 0.482489 seconds 
  Import took 0.593510 seconds .

========================================================================
Received Import Request.
  Time since last request: 110.249064 seconds.
  path: Assets/Materiales/New Scene.unity
  artifactKey: Guid(6ec80e89866ddef48bc1d9a7e88af681) Importer(815301076,1909f56bfc062723c751e8b465ee728b)
Start importing Assets/Materiales/New Scene.unity using Guid(6ec80e89866ddef48bc1d9a7e88af681) Importer(815301076,1909f56bfc062723c751e8b465ee728b)  -> (artifact id: '5dd5c87171b72e81ec52b7f1be9ce2c8') in 0.016660 seconds 
  Import took 0.038179 seconds .

========================================================================
Received Import Request.
  Time since last request: 5.550046 seconds.
  path: Assets/Materiales/Cuerpo.mat
  artifactKey: Guid(26061ee3aa8ecc4449017b27cc32736e) Importer(815301076,1909f56bfc062723c751e8b465ee728b)
Start importing Assets/Materiales/Cuerpo.mat using Guid(26061ee3aa8ecc4449017b27cc32736e) Importer(815301076,1909f56bfc062723c751e8b465ee728b)  -> (artifact id: 'b2928b5934077506f7eebc1c87e5636d') in 0.031079 seconds 
  Import took 0.047271 seconds .

========================================================================
Received Import Request.
  Time since last request: 7.781173 seconds.
  path: Assets/Materiales/Mochila.mat
  artifactKey: Guid(078f5dd4655246440a70e6a21d94176a) Importer(815301076,1909f56bfc062723c751e8b465ee728b)
Start importing Assets/Materiales/Mochila.mat using Guid(078f5dd4655246440a70e6a21d94176a) Importer(815301076,1909f56bfc062723c751e8b465ee728b)  -> (artifact id: 'bfa392aba2bd1f6160a5ad54731a0db3') in 0.028495 seconds 
  Import took 0.109098 seconds .

========================================================================
Received Import Request.
  Time since last request: 44.726280 seconds.
  path: Assets/Texturas/tela-de-tapiceria-como-beige-claro--170_como_27.jpg
  artifactKey: Guid(d380c25a6e216d84eaec02071f7bb32c) Importer(815301076,1909f56bfc062723c751e8b465ee728b)
Start importing Assets/Texturas/tela-de-tapiceria-como-beige-claro--170_como_27.jpg using Guid(d380c25a6e216d84eaec02071f7bb32c) Importer(815301076,1909f56bfc062723c751e8b465ee728b)  -> (artifact id: '622de7b0d1e2c9ba4b45c595cff21746') in 0.107249 seconds 
  Import took 0.127215 seconds .

========================================================================
Received Import Request.
  Time since last request: 22.456455 seconds.
  path: Assets/Texturas/Materials
  artifactKey: Guid(5924935f7bf6fef4798c28a1bffdde34) Importer(815301076,1909f56bfc062723c751e8b465ee728b)
Start importing Assets/Texturas/Materials using Guid(5924935f7bf6fef4798c28a1bffdde34) Importer(815301076,1909f56bfc062723c751e8b465ee728b)  -> (artifact id: 'e25ac6366482d14e809683392057f277') in 0.015191 seconds 
  Import took 0.029526 seconds .

========================================================================
Received Import Request.
  Time since last request: 50.661381 seconds.
  path: Assets/Materiales/Cañón.mat
  artifactKey: Guid(15a5fa4952f9f6b4c9a31732c0785fcc) Importer(815301076,1909f56bfc062723c751e8b465ee728b)
Start importing Assets/Materiales/Cañón.mat using Guid(15a5fa4952f9f6b4c9a31732c0785fcc) Importer(815301076,1909f56bfc062723c751e8b465ee728b)  -> (artifact id: '14a704a6adb089b037223d3c7e4ebb68') in 0.031137 seconds 
  Import took 0.085752 seconds .

========================================================================
Received Import Request.
  Time since last request: 9.763488 seconds.
  path: Assets/Materiales/Cañon.mat
  artifactKey: Guid(15a5fa4952f9f6b4c9a31732c0785fcc) Importer(815301076,1909f56bfc062723c751e8b465ee728b)
Start importing Assets/Materiales/Cañon.mat using Guid(15a5fa4952f9f6b4c9a31732c0785fcc) Importer(815301076,1909f56bfc062723c751e8b465ee728b)  -> (artifact id: 'e4a5ffdc2d7a87fed4894b3613d60326') in 0.038639 seconds 
  Import took 0.098575 seconds .

========================================================================
Received Import Request.
  Time since last request: 36.330405 seconds.
  path: Assets/Materiales/Brazos.mat
  artifactKey: Guid(0dab5b58f0f485a48abeb2c4e17555b8) Importer(815301076,1909f56bfc062723c751e8b465ee728b)
Start importing Assets/Materiales/Brazos.mat using Guid(0dab5b58f0f485a48abeb2c4e17555b8) Importer(815301076,1909f56bfc062723c751e8b465ee728b)  -> (artifact id: 'b42a9696abc18307b827911ca8216f98') in 0.062381 seconds 
  Import took 0.088238 seconds .

========================================================================
Received Import Request.
  Time since last request: 100.898684 seconds.
  path: Assets/Texturas/brazos.png
  artifactKey: Guid(f7cc4cf43a3cb474da55b9a4a3aa7647) Importer(815301076,1909f56bfc062723c751e8b465ee728b)
Start importing Assets/Texturas/brazos.png using Guid(f7cc4cf43a3cb474da55b9a4a3aa7647) Importer(815301076,1909f56bfc062723c751e8b465ee728b)  -> (artifact id: 'b46829795c7e5f6eecbc30c7a5d3f374') in 0.121273 seconds 
  Import took 0.127019 seconds .

========================================================================
Received Import Request.
  Time since last request: 52.418265 seconds.
  path: Assets/Materiales/Brazos.mat
  artifactKey: Guid(0dab5b58f0f485a48abeb2c4e17555b8) Importer(815301076,1909f56bfc062723c751e8b465ee728b)
Start importing Assets/Materiales/Brazos.mat using Guid(0dab5b58f0f485a48abeb2c4e17555b8) Importer(815301076,1909f56bfc062723c751e8b465ee728b)  -> (artifact id: 'e0dd1f39670fac2a0e318bca4828a931') in 0.048397 seconds 
  Import took 0.053442 seconds .

========================================================================
Received Import Request.
  Time since last request: 0.000438 seconds.
  path: Assets/Materiales/Mochila.mat
  artifactKey: Guid(078f5dd4655246440a70e6a21d94176a) Importer(815301076,1909f56bfc062723c751e8b465ee728b)
Start importing Assets/Materiales/Mochila.mat using Guid(078f5dd4655246440a70e6a21d94176a) Importer(815301076,1909f56bfc062723c751e8b465ee728b)  -> (artifact id: '7686d4cbdf32b41f68439b6198d67a02') in 0.025647 seconds 
  Import took 0.029701 seconds .

========================================================================
Received Import Request.
  Time since last request: 0.000849 seconds.
  path: Assets/Materiales/Cañon.mat
  artifactKey: Guid(15a5fa4952f9f6b4c9a31732c0785fcc) Importer(815301076,1909f56bfc062723c751e8b465ee728b)
Start importing Assets/Materiales/Cañon.mat using Guid(15a5fa4952f9f6b4c9a31732c0785fcc) Importer(815301076,1909f56bfc062723c751e8b465ee728b)  -> (artifact id: '3ed0f47b356380c8b110d17037eb0541') in 0.083176 seconds 
  Import took 0.094402 seconds .

========================================================================
Received Import Request.
  Time since last request: 11.754397 seconds.
  path: Assets/Materiales/CabezaPlayer.mat
  artifactKey: Guid(d94fcfca434527846b6f5e7d9e08a127) Importer(815301076,1909f56bfc062723c751e8b465ee728b)
Start importing Assets/Materiales/CabezaPlayer.mat using Guid(d94fcfca434527846b6f5e7d9e08a127) Importer(815301076,1909f56bfc062723c751e8b465ee728b)  -> (artifact id: 'c06b0355403214d3ed7cc334e3ddd2f3') in 0.026922 seconds 
  Import took 0.054033 seconds .

========================================================================
Received Import Request.
  Time since last request: 98.042576 seconds.
  path: Assets/Materiales/CabezaPlayer.mat
  artifactKey: Guid(d94fcfca434527846b6f5e7d9e08a127) Importer(815301076,1909f56bfc062723c751e8b465ee728b)
Start importing Assets/Materiales/CabezaPlayer.mat using Guid(d94fcfca434527846b6f5e7d9e08a127) Importer(815301076,1909f56bfc062723c751e8b465ee728b)  -> (artifact id: 'b51ea2cef5f5a6ea9c2c6082c0dbe701') in 0.027472 seconds 
  Import took 0.048383 seconds .

========================================================================
Received Import Request.
  Time since last request: 151.271801 seconds.
  path: Assets/Prefabs/Enemy.prefab
  artifactKey: Guid(55c99227ea4b906469c3affc74990642) Importer(815301076,1909f56bfc062723c751e8b465ee728b)
Start importing Assets/Prefabs/Enemy.prefab using Guid(55c99227ea4b906469c3affc74990642) Importer(815301076,1909f56bfc062723c751e8b465ee728b)  -> (artifact id: '424f1ac2f35b73756dc28b31c461d1b2') in 0.061103 seconds 
  Import took 0.065219 seconds .

========================================================================
Received Import Request.
  Time since last request: 6.599950 seconds.
  path: Assets/Prefabs/Enemy.prefab
  artifactKey: Guid(55c99227ea4b906469c3affc74990642) Importer(815301076,1909f56bfc062723c751e8b465ee728b)
Start importing Assets/Prefabs/Enemy.prefab using Guid(55c99227ea4b906469c3affc74990642) Importer(815301076,1909f56bfc062723c751e8b465ee728b)  -> (artifact id: '2e98eb7d8bd053235bf83da9b61dc7e6') in 0.160224 seconds 
  Import took 0.165470 seconds .

========================================================================
Received Import Request.
  Time since last request: 13.340654 seconds.
  path: Assets/Prefabs/Enemy.prefab
  artifactKey: Guid(55c99227ea4b906469c3affc74990642) Importer(815301076,1909f56bfc062723c751e8b465ee728b)
Start importing Assets/Prefabs/Enemy.prefab using Guid(55c99227ea4b906469c3affc74990642) Importer(815301076,1909f56bfc062723c751e8b465ee728b)  -> (artifact id: '495d3f88955a0f707c1fb7aca10f6922') in 0.031307 seconds 
  Import took 0.053623 seconds .

========================================================================
Received Import Request.
  Time since last request: 26.583363 seconds.
  path: Assets/Prefabs/Enemy.prefab
  artifactKey: Guid(55c99227ea4b906469c3affc74990642) Importer(815301076,1909f56bfc062723c751e8b465ee728b)
Start importing Assets/Prefabs/Enemy.prefab using Guid(55c99227ea4b906469c3affc74990642) Importer(815301076,1909f56bfc062723c751e8b465ee728b)  -> (artifact id: '78dc482bb0e069e4a69234582a460fbb') in 0.025405 seconds 
  Import took 0.046131 seconds .

========================================================================
Received Import Request.
  Time since last request: 1.991903 seconds.
  path: Assets/Prefabs/Enemy.prefab
  artifactKey: Guid(55c99227ea4b906469c3affc74990642) Importer(815301076,1909f56bfc062723c751e8b465ee728b)
Start importing Assets/Prefabs/Enemy.prefab using Guid(55c99227ea4b906469c3affc74990642) Importer(815301076,1909f56bfc062723c751e8b465ee728b)  -> (artifact id: '9eb75b79da589a03cb9d9e6aea7510f9') in 0.022767 seconds 
  Import took 0.045047 seconds .

========================================================================
Received Import Request.
  Time since last request: 2.002579 seconds.
  path: Assets/Prefabs/Enemy.prefab
  artifactKey: Guid(55c99227ea4b906469c3affc74990642) Importer(815301076,1909f56bfc062723c751e8b465ee728b)
Start importing Assets/Prefabs/Enemy.prefab using Guid(55c99227ea4b906469c3affc74990642) Importer(815301076,1909f56bfc062723c751e8b465ee728b)  -> (artifact id: '845d34326f0a67e1607b947407c66b58') in 0.027785 seconds 
  Import took 0.032926 seconds .

========================================================================
Received Import Request.
  Time since last request: 1.134003 seconds.
  path: Assets/Prefabs/Enemy.prefab
  artifactKey: Guid(55c99227ea4b906469c3affc74990642) Importer(815301076,1909f56bfc062723c751e8b465ee728b)
Start importing Assets/Prefabs/Enemy.prefab using Guid(55c99227ea4b906469c3affc74990642) Importer(815301076,1909f56bfc062723c751e8b465ee728b)  -> (artifact id: 'f9592bd4beda63cfe5f3a3f846221f51') in 0.028572 seconds 
  Import took 0.034777 seconds .

========================================================================
Received Import Request.
  Time since last request: 1.999182 seconds.
  path: Assets/Prefabs/Enemy.prefab
  artifactKey: Guid(55c99227ea4b906469c3affc74990642) Importer(815301076,1909f56bfc062723c751e8b465ee728b)
Start importing Assets/Prefabs/Enemy.prefab using Guid(55c99227ea4b906469c3affc74990642) Importer(815301076,1909f56bfc062723c751e8b465ee728b)  -> (artifact id: '20453fa26429924d9ab61638e2199893') in 0.034190 seconds 
  Import took 0.040108 seconds .

========================================================================
Received Import Request.
  Time since last request: 3.437878 seconds.
  path: Assets/Prefabs/Enemy.prefab
  artifactKey: Guid(55c99227ea4b906469c3affc74990642) Importer(815301076,1909f56bfc062723c751e8b465ee728b)
Start importing Assets/Prefabs/Enemy.prefab using Guid(55c99227ea4b906469c3affc74990642) Importer(815301076,1909f56bfc062723c751e8b465ee728b)  -> (artifact id: '4afe6a07549aeab1ac7e38018180f435') in 0.027655 seconds 
  Import took 0.052938 seconds .

========================================================================
Received Import Request.
  Time since last request: 21.254390 seconds.
  path: Assets/Prefabs/Enemy.prefab
  artifactKey: Guid(55c99227ea4b906469c3affc74990642) Importer(815301076,1909f56bfc062723c751e8b465ee728b)
Start importing Assets/Prefabs/Enemy.prefab using Guid(55c99227ea4b906469c3affc74990642) Importer(815301076,1909f56bfc062723c751e8b465ee728b)  -> (artifact id: '5a7f475355edc6c1f2107e54b483a575') in 0.031446 seconds 
  Import took 0.034930 seconds .

========================================================================
Received Import Request.
  Time since last request: 2.577752 seconds.
  path: Assets/Prefabs/Enemy.prefab
  artifactKey: Guid(55c99227ea4b906469c3affc74990642) Importer(815301076,1909f56bfc062723c751e8b465ee728b)
Start importing Assets/Prefabs/Enemy.prefab using Guid(55c99227ea4b906469c3affc74990642) Importer(815301076,1909f56bfc062723c751e8b465ee728b)  -> (artifact id: 'a8a2c3cf3a9422079899078abd33e2c9') in 0.023535 seconds 
  Import took 0.062286 seconds .

========================================================================
Received Import Request.
  Time since last request: 5.318763 seconds.
  path: Assets/Prefabs/Enemy.prefab
  artifactKey: Guid(55c99227ea4b906469c3affc74990642) Importer(815301076,1909f56bfc062723c751e8b465ee728b)
Start importing Assets/Prefabs/Enemy.prefab using Guid(55c99227ea4b906469c3affc74990642) Importer(815301076,1909f56bfc062723c751e8b465ee728b)  -> (artifact id: 'c7a97abfe6cdea25d68f50a653d96078') in 0.038311 seconds 
  Import took 0.102412 seconds .

========================================================================
Received Import Request.
  Time since last request: 82.377768 seconds.
  path: Assets/Texturas/camo.jpg
  artifactKey: Guid(9cc065077a498734eafc9067b5d803a2) Importer(815301076,1909f56bfc062723c751e8b465ee728b)
Start importing Assets/Texturas/camo.jpg using Guid(9cc065077a498734eafc9067b5d803a2) Importer(815301076,1909f56bfc062723c751e8b465ee728b)  -> (artifact id: 'e1e88198e3a71019e4569e4714caf562') in 0.062584 seconds 
  Import took 0.071125 seconds .

========================================================================
Received Import Request.
  Time since last request: 36.134945 seconds.
  path: Assets/Materiales/Cuerpo2.mat
  artifactKey: Guid(3d9ab02839022cd4fb4aa7a0b4a54327) Importer(815301076,1909f56bfc062723c751e8b465ee728b)
Start importing Assets/Materiales/Cuerpo2.mat using Guid(3d9ab02839022cd4fb4aa7a0b4a54327) Importer(815301076,1909f56bfc062723c751e8b465ee728b)  -> (artifact id: '408a7e1072bd7cd5da1db29391ca9909') in 0.023325 seconds 
  Import took 0.051950 seconds .

========================================================================
Received Import Request.
  Time since last request: 45.358993 seconds.
  path: Assets/Materiales/Cara2.mat
  artifactKey: Guid(ba78e9e7f6a5f7342b7615dcdd12ecac) Importer(815301076,1909f56bfc062723c751e8b465ee728b)
Start importing Assets/Materiales/Cara2.mat using Guid(ba78e9e7f6a5f7342b7615dcdd12ecac) Importer(815301076,1909f56bfc062723c751e8b465ee728b)  -> (artifact id: 'c0aa34a2ad80c38c66f479b2e79d11ab') in 0.031913 seconds 
  Import took 0.037078 seconds .

========================================================================
Received Import Request.
  Time since last request: 26.694328 seconds.
  path: Assets/Materiales/Cara2.mat
  artifactKey: Guid(ba78e9e7f6a5f7342b7615dcdd12ecac) Importer(815301076,1909f56bfc062723c751e8b465ee728b)
Start importing Assets/Materiales/Cara2.mat using Guid(ba78e9e7f6a5f7342b7615dcdd12ecac) Importer(815301076,1909f56bfc062723c751e8b465ee728b)  -> (artifact id: '4ef344fcf085b5e4c7794af4c36550b9') in 0.022194 seconds 
  Import took 0.043907 seconds .

========================================================================
Received Import Request.
  Time since last request: 0.000394 seconds.
  path: Assets/Materiales/Cuerpo2.mat
  artifactKey: Guid(3d9ab02839022cd4fb4aa7a0b4a54327) Importer(815301076,1909f56bfc062723c751e8b465ee728b)
Start importing Assets/Materiales/Cuerpo2.mat using Guid(3d9ab02839022cd4fb4aa7a0b4a54327) Importer(815301076,1909f56bfc062723c751e8b465ee728b)  -> (artifact id: 'd71c90372a5901eb670020d9628bddc6') in 0.025438 seconds 
  Import took 0.030171 seconds .

========================================================================
Received Import Request.
  Time since last request: 0.473972 seconds.
  path: Assets/Prefabs/Enemy.prefab
  artifactKey: Guid(55c99227ea4b906469c3affc74990642) Importer(815301076,1909f56bfc062723c751e8b465ee728b)
Start importing Assets/Prefabs/Enemy.prefab using Guid(55c99227ea4b906469c3affc74990642) Importer(815301076,1909f56bfc062723c751e8b465ee728b)  -> (artifact id: '59a6b7bf8a85764f7598a209a05ebf72') in 0.021094 seconds 
  Import took 0.024382 seconds .

========================================================================
Received Import Request.
  Time since last request: 61.515497 seconds.
  path: Assets/Scenes/Entregable 1.unity
  artifactKey: Guid(9fc0d4010bbf28b4594072e72b8655ab) Importer(815301076,1909f56bfc062723c751e8b465ee728b)
Start importing Assets/Scenes/Entregable 1.unity using Guid(9fc0d4010bbf28b4594072e72b8655ab) Importer(815301076,1909f56bfc062723c751e8b465ee728b)  -> (artifact id: '48f9dfcb828026cb94754dde8a8fd66e') in 0.006312 seconds 
  Import took 0.010018 seconds .

AssetImportWorkerClient::OnTransportError - code=2 error=End of file
