Using pre-set license
Built from '2020.3/staging' branch; Version is '2020.3.19f1 (68f137dc9bbe) revision 6877495'; Using compiler version '192528614'; Build Type 'Release'
OS: 'Windows 10 Home; OS build 18363.1556; Version 1909; 64bit' Language: 'es' Physical Memory: 8090 MB
BatchMode: 1, IsHumanControllingUs: 0, StartBugReporterOnCrash: 0, Is64bit: 1, IsPro: 0

COMMAND LINE ARGUMENTS:
C:\Program Files\Unity\Hub\Editor\2020.3.19f1\Editor\Unity.exe
-adb2
-batchMode
-noUpm
-name
AssetImportWorker0
-projectPath
C:/Users/Rowen/Documents/GitHub/entregable1-rowen-lumanlan/Entregable 1
-logFile
Logs/AssetImportWorker0.log
-srvPort
55413
Successfully changed project path to: C:/Users/Rowen/Documents/GitHub/entregable1-rowen-lumanlan/Entregable 1
C:/Users/Rowen/Documents/GitHub/entregable1-rowen-lumanlan/Entregable 1
Using Asset Import Pipeline V2.
Refreshing native plugins compatible for Editor in 37.20 ms, found 2 plugins.
Preloading 0 native plugins for Editor in 0.00 ms.
Initialize engine version: 2020.3.19f1 (68f137dc9bbe)
[Subsystems] Discovering subsystems at path C:/Program Files/Unity/Hub/Editor/2020.3.19f1/Editor/Data/Resources/UnitySubsystems
[Subsystems] Discovering subsystems at path C:/Users/Rowen/Documents/GitHub/entregable1-rowen-lumanlan/Entregable 1/Assets
GfxDevice: creating device client; threaded=0
Direct3D:
    Version:  Direct3D 11.0 [level 11.0]
    Renderer: NVIDIA GeForce GTX 960M (ID=0x139b)
    Vendor:   
    VRAM:     2010 MB
    Driver:   27.21.14.6589
Initialize mono
Mono path[0] = 'C:/Program Files/Unity/Hub/Editor/2020.3.19f1/Editor/Data/Managed'
Mono path[1] = 'C:/Program Files/Unity/Hub/Editor/2020.3.19f1/Editor/Data/MonoBleedingEdge/lib/mono/unityjit'
Mono config path = 'C:/Program Files/Unity/Hub/Editor/2020.3.19f1/Editor/Data/MonoBleedingEdge/etc'
Using monoOptions --debugger-agent=transport=dt_socket,embedding=1,server=y,suspend=n,address=127.0.0.1:56972
Begin MonoManager ReloadAssembly
Registering precompiled unity dll's ...
Register platform support module: C:/Program Files/Unity/Hub/Editor/2020.3.19f1/Editor/Data/PlaybackEngines/WindowsStandaloneSupport/UnityEditor.WindowsStandalone.Extensions.dll
Registered in 0.004134 seconds.
Native extension for WindowsStandalone target not found
Refreshing native plugins compatible for Editor in 35.22 ms, found 2 plugins.
Preloading 0 native plugins for Editor in 0.00 ms.
Mono: successfully reloaded assembly
- Completed reload, in  1.562 seconds
Domain Reload Profiling:
	ReloadAssembly (1562ms)
		BeginReloadAssembly (80ms)
			ExecutionOrderSort (0ms)
			DisableScriptedObjects (0ms)
			BackupInstance (0ms)
			ReleaseScriptingObjects (0ms)
			CreateAndSetChildDomain (1ms)
		EndReloadAssembly (598ms)
			LoadAssemblies (75ms)
			RebuildTransferFunctionScriptingTraits (0ms)
			SetupTypeCache (235ms)
			ReleaseScriptCaches (0ms)
			RebuildScriptCaches (54ms)
			SetupLoadedEditorAssemblies (195ms)
				LogAssemblyErrors (0ms)
				InitializePlatformSupportModulesInManaged (6ms)
				SetLoadedEditorAssemblies (0ms)
				RefreshPlugins (35ms)
				BeforeProcessingInitializeOnLoad (11ms)
				ProcessInitializeOnLoadAttributes (103ms)
				ProcessInitializeOnLoadMethodAttributes (39ms)
				AfterProcessingInitializeOnLoad (0ms)
				EditorAssembliesLoaded (0ms)
			ExecutionOrderSort2 (0ms)
			AwakeInstancesAfterBackupRestoration (0ms)
Platform modules already initialized, skipping
Registering precompiled user dll's ...
Registered in 0.006976 seconds.
Begin MonoManager ReloadAssembly
Native extension for WindowsStandalone target not found
Refreshing native plugins compatible for Editor in 0.30 ms, found 2 plugins.
Preloading 0 native plugins for Editor in 0.00 ms.
Mono: successfully reloaded assembly
- Completed reload, in  1.387 seconds
Domain Reload Profiling:
	ReloadAssembly (1388ms)
		BeginReloadAssembly (217ms)
			ExecutionOrderSort (0ms)
			DisableScriptedObjects (6ms)
			BackupInstance (0ms)
			ReleaseScriptingObjects (0ms)
			CreateAndSetChildDomain (27ms)
		EndReloadAssembly (1079ms)
			LoadAssemblies (118ms)
			RebuildTransferFunctionScriptingTraits (0ms)
			SetupTypeCache (429ms)
			ReleaseScriptCaches (1ms)
			RebuildScriptCaches (53ms)
			SetupLoadedEditorAssemblies (375ms)
				LogAssemblyErrors (0ms)
				InitializePlatformSupportModulesInManaged (6ms)
				SetLoadedEditorAssemblies (0ms)
				RefreshPlugins (0ms)
				BeforeProcessingInitializeOnLoad (73ms)
				ProcessInitializeOnLoadAttributes (278ms)
				ProcessInitializeOnLoadMethodAttributes (6ms)
				AfterProcessingInitializeOnLoad (11ms)
				EditorAssembliesLoaded (0ms)
			ExecutionOrderSort2 (0ms)
			AwakeInstancesAfterBackupRestoration (10ms)
Platform modules already initialized, skipping
========================================================================
Worker process is ready to serve import requests
Launched and connected shader compiler UnityShaderCompiler.exe after 1.90 seconds
Refreshing native plugins compatible for Editor in 0.29 ms, found 2 plugins.
Preloading 0 native plugins for Editor in 0.00 ms.
Unloading 1397 Unused Serialized files (Serialized files now loaded: 0)
System memory in use before: 64.9 MB.
System memory in use after: 65.0 MB.

Unloading 16 unused Assets to reduce memory usage. Loaded Objects now: 1832.
Total: 4.631400 ms (FindLiveObjects: 0.365700 ms CreateObjectMapping: 0.060300 ms MarkObjects: 4.057600 ms  DeleteObjects: 0.146700 ms)

AssetImportParameters requested are different than current active one (requested -> active):
  custom:framework-win-MediaFoundation: 216162199b28c13a410421893ffa2e32 -> 
  custom:video-decoder-ogg-theora: a1e56fd34408186e4bbccfd4996cb3dc -> 
  custom:container-muxer-webm: aa71ff27fc2769a1b78a27578f13a17b -> 
  custom:container-demuxer-webm: 4f35f7cbe854078d1ac9338744f61a02 -> 
  custom:container-demuxer-ogg: 62fdf1f143b41e24485cea50d1cbac27 -> 
  custom:video-encoder-webm-vp8: eb34c28f22e8b96e1ab97ce403110664 -> 
  custom:video-codec-MediaFoundation-h265: 746d11721c4dcdbdad8f713fa42b33f4 -> 
  custom:video-decoder-webm-vp8: 9c59270c3fd7afecdb556c50c9e8de78 -> 
  custom:audio-decoder-ogg-vorbis: bf7c407c2cedff20999df2af8eb42d56 -> 
  custom:audio-encoder-webm-vorbis: bf7c407c2cedff20999df2af8eb42d56 -> 
========================================================================
Received Import Request.
  path: Assets/Prefabs/Player.prefab
  artifactKey: Guid(1d248a47a9f318f42878182443fbc4e4) Importer(815301076,1909f56bfc062723c751e8b465ee728b)
Start importing Assets/Prefabs/Player.prefab using Guid(1d248a47a9f318f42878182443fbc4e4) Importer(815301076,1909f56bfc062723c751e8b465ee728b)  -> (artifact id: '469dfd1bf889c1e4afc1b36fd67e19f6') in 2.644692 seconds 
  Import took 3.416478 seconds .

========================================================================
Received Import Request.
  Time since last request: 38.853017 seconds.
  path: Assets/Prefabs/Player 1.prefab
  artifactKey: Guid(43e193028a4ce9a4a837ded8ba6cad34) Importer(815301076,1909f56bfc062723c751e8b465ee728b)
Start importing Assets/Prefabs/Player 1.prefab using Guid(43e193028a4ce9a4a837ded8ba6cad34) Importer(815301076,1909f56bfc062723c751e8b465ee728b)  -> (artifact id: 'a4589382b46520e480933f7614b85f7a') in 0.017250 seconds 
  Import took 0.020958 seconds .

========================================================================
Received Import Request.
  Time since last request: 23.116025 seconds.
  path: Assets/Prefabs/sada.prefab
  artifactKey: Guid(1d248a47a9f318f42878182443fbc4e4) Importer(815301076,1909f56bfc062723c751e8b465ee728b)
Start importing Assets/Prefabs/sada.prefab using Guid(1d248a47a9f318f42878182443fbc4e4) Importer(815301076,1909f56bfc062723c751e8b465ee728b)  -> (artifact id: '9460edacf2f4658523e273470a4ea379') in 0.042678 seconds 
  Import took 0.047655 seconds .

========================================================================
Received Import Request.
  Time since last request: 7.169778 seconds.
  path: Assets/Prefabs/Player.prefab
  artifactKey: Guid(43e193028a4ce9a4a837ded8ba6cad34) Importer(815301076,1909f56bfc062723c751e8b465ee728b)
Start importing Assets/Prefabs/Player.prefab using Guid(43e193028a4ce9a4a837ded8ba6cad34) Importer(815301076,1909f56bfc062723c751e8b465ee728b)  -> (artifact id: 'da34048b5c7c61b52f97be60f8429d15') in 0.013640 seconds 
  Import took 0.019991 seconds .

========================================================================
Received Import Request.
  Time since last request: 82.285172 seconds.
  path: Assets/Prefabs/Enemy 1.prefab
  artifactKey: Guid(9bf13f8293185574e89ed40d88cdc9e7) Importer(815301076,1909f56bfc062723c751e8b465ee728b)
Start importing Assets/Prefabs/Enemy 1.prefab using Guid(9bf13f8293185574e89ed40d88cdc9e7) Importer(815301076,1909f56bfc062723c751e8b465ee728b)  -> (artifact id: '31c7c8952525cd03019354c17c15df2a') in 0.030665 seconds 
  Import took 0.036258 seconds .

========================================================================
Received Import Request.
  Time since last request: 27.789047 seconds.
  path: Assets/Prefabs/Enemy 1.prefab
  artifactKey: Guid(9bf13f8293185574e89ed40d88cdc9e7) Importer(815301076,1909f56bfc062723c751e8b465ee728b)
Start importing Assets/Prefabs/Enemy 1.prefab using Guid(9bf13f8293185574e89ed40d88cdc9e7) Importer(815301076,1909f56bfc062723c751e8b465ee728b)  -> (artifact id: 'fb5d475cc33b89ea7a637eac73e22acc') in 0.037160 seconds 
  Import took 0.041194 seconds .

========================================================================
Received Import Request.
  Time since last request: 27.797785 seconds.
  path: Assets/Prefabs/Enemy 1.prefab
  artifactKey: Guid(9bf13f8293185574e89ed40d88cdc9e7) Importer(815301076,1909f56bfc062723c751e8b465ee728b)
Start importing Assets/Prefabs/Enemy 1.prefab using Guid(9bf13f8293185574e89ed40d88cdc9e7) Importer(815301076,1909f56bfc062723c751e8b465ee728b)  -> (artifact id: '67df9370e10d961eea13352a5c10e96a') in 0.029949 seconds 
  Import took 0.034408 seconds .

========================================================================
Received Import Request.
  Time since last request: 59.236103 seconds.
  path: Assets/Prefabs/Enemy 1.prefab
  artifactKey: Guid(9bf13f8293185574e89ed40d88cdc9e7) Importer(815301076,1909f56bfc062723c751e8b465ee728b)
Start importing Assets/Prefabs/Enemy 1.prefab using Guid(9bf13f8293185574e89ed40d88cdc9e7) Importer(815301076,1909f56bfc062723c751e8b465ee728b)  -> (artifact id: 'd39b94617968c627805aac48ad4e735c') in 0.036137 seconds 
  Import took 0.070480 seconds .

========================================================================
Received Import Request.
  Time since last request: 6.000934 seconds.
  path: Assets/Prefabs/Enemy 1.prefab
  artifactKey: Guid(9bf13f8293185574e89ed40d88cdc9e7) Importer(815301076,1909f56bfc062723c751e8b465ee728b)
Start importing Assets/Prefabs/Enemy 1.prefab using Guid(9bf13f8293185574e89ed40d88cdc9e7) Importer(815301076,1909f56bfc062723c751e8b465ee728b)  -> (artifact id: '5d5b128a36613a0aba8be0f96b370508') in 0.046669 seconds 
  Import took 0.069405 seconds .

========================================================================
Received Import Request.
  Time since last request: 36.804380 seconds.
  path: Assets/Prefabs/Enemy 1.prefab
  artifactKey: Guid(9bf13f8293185574e89ed40d88cdc9e7) Importer(815301076,1909f56bfc062723c751e8b465ee728b)
Start importing Assets/Prefabs/Enemy 1.prefab using Guid(9bf13f8293185574e89ed40d88cdc9e7) Importer(815301076,1909f56bfc062723c751e8b465ee728b)  -> (artifact id: 'bc1604c5124c5eede2e453334a36a61a') in 0.035086 seconds 
  Import took 0.072899 seconds .

========================================================================
Received Import Request.
  Time since last request: 17.276875 seconds.
  path: Assets/Prefabs/Enemy 1.prefab
  artifactKey: Guid(9bf13f8293185574e89ed40d88cdc9e7) Importer(815301076,1909f56bfc062723c751e8b465ee728b)
Start importing Assets/Prefabs/Enemy 1.prefab using Guid(9bf13f8293185574e89ed40d88cdc9e7) Importer(815301076,1909f56bfc062723c751e8b465ee728b)  -> (artifact id: '2dcee20587da9af2781e4664ff5ef0b2') in 0.039152 seconds 
  Import took 0.088434 seconds .

========================================================================
Received Import Request.
  Time since last request: 2.609130 seconds.
  path: Assets/Prefabs/Enemy 1.prefab
  artifactKey: Guid(9bf13f8293185574e89ed40d88cdc9e7) Importer(815301076,1909f56bfc062723c751e8b465ee728b)
Start importing Assets/Prefabs/Enemy 1.prefab using Guid(9bf13f8293185574e89ed40d88cdc9e7) Importer(815301076,1909f56bfc062723c751e8b465ee728b)  -> (artifact id: '30b67fa40a92224c6db71030f27ddad2') in 0.043825 seconds 
  Import took 0.047971 seconds .

========================================================================
Received Import Request.
  Time since last request: 2.945255 seconds.
  path: Assets/Prefabs/Enemy 1.prefab
  artifactKey: Guid(9bf13f8293185574e89ed40d88cdc9e7) Importer(815301076,1909f56bfc062723c751e8b465ee728b)
Start importing Assets/Prefabs/Enemy 1.prefab using Guid(9bf13f8293185574e89ed40d88cdc9e7) Importer(815301076,1909f56bfc062723c751e8b465ee728b)  -> (artifact id: '43ea59eb76132164520f553286adf8d2') in 0.106397 seconds 
  Import took 0.121870 seconds .

========================================================================
Received Import Request.
  Time since last request: 3.206716 seconds.
  path: Assets/Prefabs/Enemy 1.prefab
  artifactKey: Guid(9bf13f8293185574e89ed40d88cdc9e7) Importer(815301076,1909f56bfc062723c751e8b465ee728b)
Start importing Assets/Prefabs/Enemy 1.prefab using Guid(9bf13f8293185574e89ed40d88cdc9e7) Importer(815301076,1909f56bfc062723c751e8b465ee728b)  -> (artifact id: '0f8993254c3860d5db515165698f0c8a') in 0.211166 seconds 
  Import took 0.362006 seconds .

========================================================================
Received Import Request.
  Time since last request: 4.944722 seconds.
  path: Assets/Prefabs/Enemy 1.prefab
  artifactKey: Guid(9bf13f8293185574e89ed40d88cdc9e7) Importer(815301076,1909f56bfc062723c751e8b465ee728b)
Start importing Assets/Prefabs/Enemy 1.prefab using Guid(9bf13f8293185574e89ed40d88cdc9e7) Importer(815301076,1909f56bfc062723c751e8b465ee728b)  -> (artifact id: '1964958bcb61422ca56c60705aa0a151') in 0.036138 seconds 
  Import took 0.051548 seconds .

========================================================================
Received Import Request.
  Time since last request: 28.377242 seconds.
  path: Assets/Prefabs/Enemy 1.prefab
  artifactKey: Guid(9bf13f8293185574e89ed40d88cdc9e7) Importer(815301076,1909f56bfc062723c751e8b465ee728b)
Start importing Assets/Prefabs/Enemy 1.prefab using Guid(9bf13f8293185574e89ed40d88cdc9e7) Importer(815301076,1909f56bfc062723c751e8b465ee728b)  -> (artifact id: '7575f2794f318c4c1d6eea4aeb41d9d1') in 0.024844 seconds 
  Import took 0.070598 seconds .

========================================================================
Received Import Request.
  Time since last request: 26.926801 seconds.
  path: Assets/Prefabs/Enemy.prefab
  artifactKey: Guid(9bf13f8293185574e89ed40d88cdc9e7) Importer(815301076,1909f56bfc062723c751e8b465ee728b)
Start importing Assets/Prefabs/Enemy.prefab using Guid(9bf13f8293185574e89ed40d88cdc9e7) Importer(815301076,1909f56bfc062723c751e8b465ee728b)  -> (artifact id: 'df672506217035e310543243e1720ecb') in 0.053519 seconds 
  Import took 0.088107 seconds .

AssetImportWorkerClient::OnTransportError - code=2 error=End of file
